<?xml version="1.0" encoding="UTF-8"?>
<!-- Generated by org.testng.reporters.JUnitReportReporter -->
<testsuite hostname="DESKTOP-4J7J4IR" failures="0" tests="1" name="neoStoxTestpack.PROPERTYTESTNeoTestClass3" time="21.299" errors="0" timestamp="2022-12-16T21:55:13 IST" skipped="0">
  <testcase classname="neoStoxTestpack.PROPERTYTESTNeoTestClass3" name="validateUsername" time="21.299"/>
  <system-out>
    <![CDATA[tc is pass]]>
  </system-out>
</testsuite> <!-- neoStoxTestpack.PROPERTYTESTNeoTestClass3 -->
