<?xml version="1.0" encoding="UTF-8"?>
<!-- Generated by org.testng.reporters.JUnitReportReporter -->
<testsuite hostname="DESKTOP-4J7J4IR" failures="0" tests="1" name="neoStoxTestpack.PROPERTYTESTNeoTestClass3" time="14.452" errors="0" timestamp="2022-12-03T14:40:38 IST" skipped="0">
  <testcase classname="neoStoxTestpack.PROPERTYTESTNeoTestClass3" name="validateUsername" time="14.452"/>
  <system-out>
    <![CDATA[waits for500milis
actualusername isHi anita lagad
tc is pass]]>
  </system-out>
</testsuite> <!-- neoStoxTestpack.PROPERTYTESTNeoTestClass3 -->
